app/build/outputs/logs/manifest-merger-debug-report.txt
-- Merging decision tree log ---
manifest
ADDED from src/main/AndroidManifest.xml:2:1-28:12
INJECTED from src/main/AndroidManifest.xml:2:1-28:12
INJECTED from src/main/AndroidManifest.xml:2:1-28:12
INJECTED from src/main/AndroidManifest.xml:2:1-28:12
MERGED from [com.jakewharton.rxbinding2:rxbinding-support-v4-kotlin:2.0.0] AndroidManifest.xml:2:1-8:12
MERGED from [com.jakewharton.rxbinding2:rxbinding-appcompat-v7-kotlin:2.0.0] AndroidManifest.xml:2:1-8:12
MERGED from [com.jakewharton.rxbinding2:rxbinding-recyclerview-v7-kotlin:2.0.0] AndroidManifest.xml:2:1-8:12
MERGED from [com.jakewharton.rxbinding2:rxbinding-kotlin:2.0.0] AndroidManifest.xml:2:1-8:12
MERGED from [com.jakewharton.rxbinding2:rxbinding-support-v4:2.0.0] AndroidManifest.xml:2:1-8:12
MERGED from [com.jakewharton.rxbinding2:rxbinding-appcompat-v7:2.0.0] AndroidManifest.xml:2:1-8:12
MERGED from [com.jakewharton.rxbinding2:rxbinding-recyclerview-v7:2.0.0] AndroidManifest.xml:2:1-8:12
MERGED from [com.jakewharton.rxbinding2:rxbinding:2.0.0] AndroidManifest.xml:2:1-8:12
MERGED from [io.reactivex.rxjava2:rxandroid:2.0.1] AndroidManifest.xml:15:1-21:12
MERGED from [com.android.support:design:27.0.2] AndroidManifest.xml:17:1-22:12
MERGED from [com.android.support:transition:27.0.2] AndroidManifest.xml:17:1-22:12
MERGED from [com.android.support:support-v4:27.0.2] AndroidManifest.xml:17:1-22:12
MERGED from [com.android.support:support-media-compat:27.0.2] AndroidManifest.xml:17:1-22:12
MERGED from [com.android.support:appcompat-v7:27.0.2] AndroidManifest.xml:17:1-22:12
MERGED from [com.android.support:support-fragment:27.0.2] AndroidManifest.xml:17:1-22:12
MERGED from [com.android.support:support-core-utils:27.0.2] AndroidManifest.xml:17:1-22:12
MERGED from [com.android.support:animated-vector-drawable:27.0.2] AndroidManifest.xml:17:1-22:12
MERGED from [com.android.support:recyclerview-v7:27.0.2] AndroidManifest.xml:17:1-22:12
MERGED from [com.android.support:support-core-ui:27.0.2] AndroidManifest.xml:17:1-22:12
MERGED from [com.android.support:support-vector-drawable:27.0.2] AndroidManifest.xml:17:1-22:12
MERGED from [com.android.support:support-compat:27.0.2] AndroidManifest.xml:17:1-22:12
MERGED from [com.android.support:multidex:1.0.2] AndroidManifest.xml:17:1-22:12
MERGED from [com.amazonaws:aws-android-sdk-auth-core:2.6.0] AndroidManifest.xml:2:1-5:12
MERGED from [com.android.support.constraint:constraint-layout:1.0.2] AndroidManifest.xml:2:1-11:12
MERGED from [android.arch.lifecycle:runtime:1.0.3] AndroidManifest.xml:17:1-24:12
INJECTED from src/main/AndroidManifest.xml:2:1-28:12
INJECTED from src/main/AndroidManifest.xml:2:1-28:12
INJECTED from src/main/AndroidManifest.xml:2:1-28:12
	package
		ADDED from src/main/AndroidManifest.xml:3:5-44
		INJECTED from src/main/AndroidManifest.xml
		INJECTED from src/main/AndroidManifest.xml
	android:versionName
		INJECTED from src/main/AndroidManifest.xml
		ADDED from src/main/AndroidManifest.xml:2:1-28:12
		INJECTED from src/main/AndroidManifest.xml
	android:versionCode
		INJECTED from src/main/AndroidManifest.xml
		ADDED from src/main/AndroidManifest.xml:2:1-28:12
		INJECTED from src/main/AndroidManifest.xml
	xmlns:android
		ADDED from src/main/AndroidManifest.xml:2:11-69
uses-permission#android.permission.INTERNET
ADDED from src/main/AndroidManifest.xml:6:5-67
	android:name
		ADDED from src/main/AndroidManifest.xml:6:22-64
uses-permission#android.permission.ACCESS_NETWORK_STATE
ADDED from src/main/AndroidManifest.xml:7:5-79
	android:name
		ADDED from src/main/AndroidManifest.xml:7:22-76
uses-permission#android.permission.ACCESS_WIFI_STATE
ADDED from src/main/AndroidManifest.xml:8:5-76
	android:name
		ADDED from src/main/AndroidManifest.xml:8:22-73
application
ADDED from src/main/AndroidManifest.xml:9:5-26:19
MERGED from [com.amazonaws:aws-android-sdk-auth-core:2.6.0] AndroidManifest.xml:4:6-47
MERGED from [com.amazonaws:aws-android-sdk-auth-core:2.6.0] AndroidManifest.xml:4:6-47
MERGED from [com.android.support.constraint:constraint-layout:1.0.2] AndroidManifest.xml:9:5-20
MERGED from [com.android.support.constraint:constraint-layout:1.0.2] AndroidManifest.xml:9:5-20
	android:supportsRtl
		ADDED from src/main/AndroidManifest.xml:14:9-35
	android:label
		ADDED from src/main/AndroidManifest.xml:12:9-41
	android:roundIcon
		ADDED from src/main/AndroidManifest.xml:13:9-54
	android:icon
		ADDED from src/main/AndroidManifest.xml:11:9-43
	android:allowBackup
		ADDED from src/main/AndroidManifest.xml:10:9-35
	android:theme
		ADDED from src/main/AndroidManifest.xml:15:9-40
activity#com.marvelapp.autentia.comics.SplashActivity
ADDED from src/main/AndroidManifest.xml:17:9-22:20
	android:name
		ADDED from src/main/AndroidManifest.xml:17:19-49
intent-filter#android.intent.action.MAIN+android.intent.category.LAUNCHER
ADDED from src/main/AndroidManifest.xml:18:13-21:29
action#android.intent.action.MAIN
ADDED from src/main/AndroidManifest.xml:19:17-69
	android:name
		ADDED from src/main/AndroidManifest.xml:19:25-66
category#android.intent.category.LAUNCHER
ADDED from src/main/AndroidManifest.xml:20:17-77
	android:name
		ADDED from src/main/AndroidManifest.xml:20:27-74
activity#com.marvelapp.autentia.comics.MainActivity
ADDED from src/main/AndroidManifest.xml:24:9-59
	android:name
		ADDED from src/main/AndroidManifest.xml:24:19-47
uses-sdk
INJECTED from src/main/AndroidManifest.xml reason: use-sdk injection requested
INJECTED from src/main/AndroidManifest.xml
INJECTED from src/main/AndroidManifest.xml
MERGED from [com.jakewharton.rxbinding2:rxbinding-support-v4-kotlin:2.0.0] AndroidManifest.xml:6:5-44
MERGED from [com.jakewharton.rxbinding2:rxbinding-support-v4-kotlin:2.0.0] AndroidManifest.xml:6:5-44
MERGED from [com.jakewharton.rxbinding2:rxbinding-appcompat-v7-kotlin:2.0.0] AndroidManifest.xml:6:5-44
MERGED from [com.jakewharton.rxbinding2:rxbinding-appcompat-v7-ko@@ -0,0 +1,12 @@
<?xml version="1.0" encoding="UTF-8"?> 
<project version="4"> 
  <component name="RunConfigurationProducerService"> 
    <option name="ignoredProducers"> 
      <set> 
        <option value="org.jetbrains.plugins.gradle.execution.test.runner.AllInPackageGradleConfigurationProducer" /> 
        <option value="org.jetbrains.plugins.gradle.execution.test.runner.TestClassGradleConfigurationProducer" /> 
        <option value="org.jetbrains.plugins.gradle.execution.test.runner.TestMethodGradleConfigurationProducer" /> 
      </set> 
    </option> 
  </component> 
</project>
 \ No newline at end of file 
tlin:2.0.0] /home/kike/.gradle/caches/transforms-1/files-1.1/rxbinding-appcompat-v7-kotlin-2.0.0.aar/ebd025214af00d2d49c722b8c3fd7a09/AndroidManifest.xml:6:5-44
MERGED from [com.jakewharton.rxbinding2:rxbinding-recyclerview-v7-kotlin:2.0.0] AndroidManifest.xml:6:5-44
MERGED from [com.jakewharton.rxbinding2:rxbinding-recyclerview-v7-kotlin:2.0.0] AndroidManifest.xml:6:5-44
MERGED from [com.jakewharton.rxbinding2:rxbinding-kotlin:2.0.0] AndroidManifest.xml:6:5-44
MERGED from [com.jakewharton.rxbinding2:rxbinding-kotlin:2.0.0] AndroidManifest.xml:6:5-44
MERGED from [com.jakewharton.rxbinding2:rxbinding-support-v4:2.0.0] AndroidManifest.xml:6:5-44
MERGED from [com.jakewharton.rxbinding2:rxbinding-support-v4:2.0.0] AndroidManifest.xml:6:5-44
MERGED from [com.jakewharton.rxbinding2:rxbinding-appcompat-v7:2.0.0] AndroidManifest.xml:6:5-44
MERGED from [com.jakewharton.rxbinding2:rxbinding-appcompat-v7:2.0.0] AndroidManifest.xml:6:5-44
MERGED from [com.jakewharton.rxbinding2:rxbinding-recyclerview-v7:2.0.0] AndroidManifest.xml:6:5-44
MERGED from [com.jakewharton.rxbinding2:rxbinding-recyclerview-v7:2.0.0] AndroidManifest.xml:6:5-44
MERGED from [com.jakewharton.rxbinding2:rxbinding:2.0.0] AndroidManifest.xml:6:5-44
MERGED from [com.jakewharton.rxbinding2:rxbinding:2.0.0] AndroidManifest.xml:6:5-44
MERGED from [io.reactivex.rxjava2:rxandroid:2.0.1] AndroidManifest.xml:19:5-43
MERGED from [io.reactivex.rxjava2:rxandroid:2.0.1] AndroidManifest.xml:19:5-43
MERGED from [com.android.support:design:27.0.2] AndroidManifest.xml:20:5-44
MERGED from [com.android.support:design:27.0.2] AndroidManifest.xml:20:5-44
MERGED from [com.android.support:transition:27.0.2] AndroidManifest.xml:20:5-44
MERGED from [com.android.support:transition:27.0.2] AndroidManifest.xml:20:5-44
MERGED from [com.android.support:support-v4:27.0.2] AndroidManifest.xml:20:5-44
MERGED from [com.android.support:support-v4:27.0.2] AndroidManifest.xml:20:5-44
MERGED from [com.android.support:support-media-compat:27.0.2] AndroidManifest.xml:20:5-44
MERGED from [com.android.support:support-media-compat:27.0.2] AndroidManifest.xml:20:5-44
MERGED from [com.android.support:appcompat-v7:27.0.2] AndroidManifest.xml:20:5-44
MERGED from [com.android.support:appcompat-v7:27.0.2] AndroidManifest.xml:20:5-44
MERGED from [com.android.support:support-fragment:27.0.2] AndroidManifest.xml:20:5-44
MERGED from [com.android.support:support-fragment:27.0.2] AndroidManifest.xml:20:5-44
MERGED from [com.android.support:support-core-utils:27.0.2] AndroidManifest.xml:20:5-44
MERGED from [com.android.support:support-core-utils:27.0.2] AndroidManifest.xml:20:5-44
MERGED from [com.android.support:animated-vector-drawable:27.0.2] AndroidManifest.xml:20:5-44
MERGED from [com.android.support:animated-vector-drawable:27.0.2] AndroidManifest.xml:20:5-44
MERGED from [com.android.support:recyclerview-v7:27.0.2] AndroidManifest.xml:20:5-44
MERGED from [com.android.support:recyclerview-v7:27.0.2] AndroidManifest.xml:20:5-44
MERGED from [com.android.support:support-core-ui:27.0.2] AndroidManifest.xml:20:5-44
MERGED from [com.android.support:support-core-ui:27.0.2] AndroidManifest.xml:20:5-44
MERGED from [com.android.support:support-vector-drawable:27.0.2] AndroidManifest.xml:20:5-44
MERGED from [com.android.support:support-vector-drawable:27.0.2] AndroidManifest.xml:20:5-44
MERGED from [com.android.support:support-compat:27.0.2] AndroidManifest.xml:20:5-44
MERGED from [com.android.support:support-compat:27.0.2] AndroidManifest.xml:20:5-44
MERGED from [com.android.support:multidex:1.0.2] AndroidManifest.xml:20:5-43
MERGED from [com.android.support:multidex:1.0.2] AndroidManifest.xml:20:5-43
MERGED from [com.android.support.constraint:constraint-layout:1.0.2] AndroidManifest.xml:5:5-7:41
MERGED from [com.android.support.constraint:constraint-layout:1.0.2] AndroidManifest.xml:5:5-7:41
MERGED from [android.arch.lifecycle:runtime:1.0.3] AndroidManifest.xml:20:5-22:41
MERGED from [android.arch.lifecycle:runtime:1.0.3] AndroidManifest.xml:20:5-22:41
INJECTED from src/main/AndroidManifest.xml
INJECTED from src/main/AndroidManifest.xml
	android:targetSdkVersion
		INJECTED from src/main/AndroidManifest.xml
		ADDED from src/main/AndroidManifest.xml
		INJECTED from src/main/AndroidManifest.xml
	android:minSdkVersion
		INJECTED from src/main/AndroidManifest.xml
		ADDED from src/main/AndroidManifest.xml
		INJECTED from src/main/AndroidManifest.xml
uses-permission#android.permission.WRITE_EXTERNAL_STORAGE
IMPLIED from src/main/AndroidManifest.xml:2:1-28:12 reason: com.amazonaws.mobile.auth.core has a targetSdkVersion < 4
uses-permission#android.permission.READ_PHONE_STATE
IMPLIED from src/main/AndroidManifest.xml:2:1-28:12 reason: com.amazonaws.mobile.auth.core has a targetSdkVersion < 4
uses-permission#android.permission.READ_EXTERNAL_STORAGE
IMPLIED from src/main/AndroidManifest.xml:2:1-28:12 reason: com.amazonaws.mobile.auth.core requested WRITE_EXTERNAL_STORAGE 